# JRE version: OpenJDK Runtime Environment Temurin-21.0.12.1+1 (21.0.12.1+1) (build 21.0.12.1+1-LTS)
# Java VM: OpenJDK 64-Bit Server VM Temurin-21.0.12.1+1 (21.0.12.1+1-LTS, mixed mode, sharing, tiered, compressed oops, compressed class ptrs, parallel gc, windows-amd64)
GC Precious Log:
 CardTable entry size: 512
 CPUs: 8 total, 8 available
 Memory: 16198M
 Large Page Support: Disabled
 NUMA Support: Disabled
 Compressed Oops: Enabled (32-bit)
 Alignments: Space 512K, Generation 512K, Heap 2M
 Heap Min Capacity: 100M
 Heap Initial Capacity: 100M
 Heap Max Capacity: 2G
 Pre-touch: Disabled
 Parallel Workers: 8
Heap:
 PSYoungGen      total 5120K, used 186K [0x00000000d5580000, 0x00000000d5c80000, 0x0000000100000000)
  eden space 4608K, 0% used [0x00000000d5580000,0x00000000d5580000,0x00000000d5a00000)
  from space 512K, 36% used [0x00000000d5c00000,0x00000000d5c2e900,0x00000000d5c80000)
  to   space 512K, 0% used [0x00000000d5b80000,0x00000000d5b80000,0x00000000d5c00000)
 ParOldGen       total 1233920K, used 1233459K [0x0000000080000000, 0x00000000cb500000, 0x00000000d5580000)
  object space 1233920K, 99% used [0x0000000080000000,0x00000000cb48cc38,0x00000000cb500000)
 Metaspace       used 97230K, committed 99264K, reserved 1179648K
  class space    used 10082K, committed 10944K, reserved 1048576K
GC Heap History (20 events):
Event: 2215.674 GC heap after
{Heap after GC invocations=2269 (full 5):
 PSYoungGen      total 6656K, used 3104K [0x00000000d5580000, 0x00000000d6080000, 0x0000000100000000)
  eden space 3072K, 0% used [0x00000000d5580000,0x00000000d5580000,0x00000000d5880000)
  from space 3584K, 86% used [0x00000000d5880000,0x00000000d5b88000,0x00000000d5c00000)
  to   space 3584K, 0% used [0x00000000d5d00000,0x00000000d5d00000,0x00000000d6080000)
 ParOldGen       total 1226752K, used 1226728K [0x0000000080000000, 0x00000000cae00000, 0x00000000d5580000)
  object space 1226752K, 99% used [0x0000000080000000,0x00000000cadfa228,0x00000000cae00000)
 Metaspace       used 96983K, committed 98944K, reserved 1179648K
  class space    used 10062K, committed 10944K, reserved 1048576K
}
Event: 2215.767 GC heap before
{Heap before GC invocations=2270 (full 5):
 PSYoungGen      total 6656K, used 6176K [0x00000000d5580000, 0x00000000d6080000, 0x0000000100000000)
  eden space 3072K, 100% used [0x00000000d5580000,0x00000000d5880000,0x00000000d5880000)
  from space 3584K, 86% used [0x00000000d5880000,0x00000000d5b88000,0x00000000d5c00000)
  to   space 3584K, 0% used [0x00000000d5d00000,0x00000000d5d00000,0x00000000d6080000)
 ParOldGen       total 1226752K, used 1226728K [0x0000000080000000, 0x00000000cae00000, 0x00000000d5580000)
  object space 1226752K, 99% used [0x0000000080000000,0x00000000cadfa228,0x00000000cae00000)
 Metaspace       used 96983K, committed 98944K, reserved 1179648K
  class space    used 10062K, committed 10944K, reserved 1048576K
}
Event: 2215.777 GC heap after
{Heap after GC invocations=2270 (full 5):
 PSYoungGen      total 6144K, used 1568K [0x00000000d5580000, 0x00000000d5f00000, 0x0000000100000000)
  eden space 4096K, 0% used [0x00000000d5580000,0x00000000d5580000,0x00000000d5980000)
  from space 2048K, 76% used [0x00000000d5d00000,0x00000000d5e88000,0x00000000d5f00000)
  to   space 2560K, 0% used [0x00000000d5a00000,0x00000000d5a00000,0x00000000d5c80000)
 ParOldGen       total 1229824K, used 1229672K [0x0000000080000000, 0x00000000cb100000, 0x00000000d5580000)
  object space 1229824K, 99% used [0x0000000080000000,0x00000000cb0da228,0x00000000cb100000)
 Metaspace       used 96983K, committed 98944K, reserved 1179648K
  class space    used 10062K, committed 10944K, reserved 1048576K
}
Event: 2221.952 GC heap before
{Heap before GC invocations=2271 (full 5):
 PSYoungGen      total 6144K, used 5664K [0x00000000d5580000, 0x00000000d5f00000, 0x0000000100000000)
  eden space 4096K, 100% used [0x00000000d5580000,0x00000000d5980000,0x00000000d5980000)
  from space 2048K, 76% used [0x00000000d5d00000,0x00000000d5e88000,0x00000000d5f00000)
  to   space 2560K, 0% used [0x00000000d5a00000,0x00000000d5a00000,0x00000000d5c80000)
 ParOldGen       total 1229824K, used 1229672K [0x0000000080000000, 0x00000000cb100000, 0x00000000d5580000)
  object space 1229824K, 99% used [0x0000000080000000,0x00000000cb0da228,0x00000000cb100000)
 Metaspace       used 96984K, committed 98944K, reserved 1179648K
  class space    used 10062K, committed 10944K, reserved 1048576K
}
Event: 2221.966 GC heap after
{Heap after GC invocations=2271 (full 5):
 PSYoungGen      total 7168K, used 160K [0x00000000d5580000, 0x00000000d5d80000, 0x0000000100000000)
  eden space 4608K, 0% used [0x00000000d5580000,0x00000000d5580000,0x00000000d5a00000)
  from space 2560K, 6% used [0x00000000d5a00000,0x00000000d5a28000,0x00000000d5c80000)
  to   space 1024K, 0% used [0x00000000d5c80000,0x00000000d5c80000,0x00000000d5d80000)
 ParOldGen       total 1231360K, used 1231128K [0x0000000080000000, 0x00000000cb280000, 0x00000000d5580000)
  object space 1231360K, 99% used [0x0000000080000000,0x00000000cb246228,0x00000000cb280000)
 Metaspace       used 96984K, committed 98944K, reserved 1179648K
  class space    used 10062K, committed 10944K, reserved 1048576K
}
Event: 2229.335 GC heap before
{Heap before GC invocations=2272 (full 5):
 PSYoungGen      total 7168K, used 4768K [0x00000000d5580000, 0x00000000d5d80000, 0x0000000100000000)
  eden space 4608K, 100% used [0x00000000d5580000,0x00000000d5a00000,0x00000000d5a00000)
  from space 2560K, 6% used [0x00000000d5a00000,0x00000000d5a28000,0x00000000d5c80000)
  to   space 1024K, 0% used [0x00000000d5c80000,0x00000000d5c80000,0x00000000d5d80000)
 ParOldGen       total 1231360K, used 1231128K [0x0000000080000000, 0x00000000cb280000, 0x00000000d5580000)
  object space 1231360K, 99% used [0x0000000080000000,0x00000000cb246228,0x00000000cb280000)
 Metaspace       used 97018K, committed 99072K, reserved 1179648K
  class space    used 10063K, committed 10944K, reserved 1048576K
}
Event: 2229.343 GC heap after
{Heap after GC invocations=2272 (full 5):
 PSYoungGen      total 5120K, used 224K [0x00000000d5580000, 0x00000000d5d00000, 0x0000000100000000)
  eden space 4608K, 0% used [0x00000000d5580000,0x00000000d5580000,0x00000000d5a00000)
  from space 512K, 43% used [0x00000000d5c80000,0x00000000d5cb8000,0x00000000d5d00000)
  to   space 512K, 0% used [0x00000000d5c00000,0x00000000d5c00000,0x00000000d5c80000)
 ParOldGen       total 1231360K, used 1231168K [0x0000000080000000, 0x00000000cb280000, 0x00000000d5580000)
  object space 1231360K, 99% used [0x0000000080000000,0x00000000cb250228,0x00000000cb280000)
 Metaspace       used 97018K, committed 99072K, reserved 1179648K
  class space    used 10063K, committed 10944K, reserved 1048576K
}
Event: 2266.011 GC heap before
{Heap before GC invocations=2273 (full 5):
 PSYoungGen      total 5120K, used 4832K [0x00000000d5580000, 0x00000000d5d00000, 0x0000000100000000)
  eden space 4608K, 100% used [0x00000000d5580000,0x00000000d5a00000,0x00000000d5a00000)
  from space 512K, 43% used [0x00000000d5c80000,0x00000000d5cb8000,0x00000000d5d00000)
  to   space 512K, 0% used [0x00000000d5c00000,0x00000000d5c00000,0x00000000d5c80000)
 ParOldGen       total 1231360K, used 1231168K [0x0000000080000000, 0x00000000cb280000, 0x00000000d5580000)
  object space 1231360K, 99% used [0x0000000080000000,0x00000000cb250228,0x00000000cb280000)
 Metaspace       used 97025K, committed 99072K, reserved 1179648K
  class space    used 10063K, committed 10944K, reserved 1048576K
}
Event: 2266.020 GC heap after
{Heap after GC invocations=2273 (full 5):
 PSYoungGen      total 5120K, used 192K [0x00000000d5580000, 0x00000000d5d00000, 0x0000000100000000)
  eden space 4608K, 0% used [0x00000000d5580000,0x00000000d5580000,0x00000000d5a00000)
  from space 512K, 37% used [0x00000000d5c00000,0x00000000d5c30000,0x00000000d5c80000)
  to   space 512K, 0% used [0x00000000d5c80000,0x00000000d5c80000,0x00000000d5d00000)
 ParOldGen       total 1231360K, used 1231192K [0x0000000080000000, 0x00000000cb280000, 0x00000000d5580000)
  object space 1231360K, 99% used [0x0000000080000000,0x00000000cb256228,0x00000000cb280000)
 Metaspace       used 97025K, committed 99072K, reserved 1179648K
  class space    used 10063K, committed 10944K, reserved 1048576K
}
Event: 2462.403 GC heap before
{Heap before GC invocations=2274 (full 5):
 PSYoungGen      total 5120K, used 4797K [0x00000000d5580000, 0x00000000d5d00000, 0x0000000100000000)
  eden space 4608K, 99% used [0x00000000d5580000,0x00000000d59ff660,0x00000000d5a00000)
  from space 512K, 37% used [0x00000000d5c00000,0x00000000d5c30000,0x00000000d5c80000)
  to   space 512K, 0% used [0x00000000d5c80000,0x00000000d5c80000,0x00000000d5d00000)
 ParOldGen       total 1231360K, used 1231192K [0x0000000080000000, 0x00000000cb280000, 0x00000000d5580000)
  object space 1231360K, 99% used [0x0000000080000000,0x00000000cb256228,0x00000000cb280000)
 Metaspace       used 97027K, committed 99072K, reserved 1179648K
  class space    used 10063K, committed 10944K, reserved 1048576K
}
Event: 2462.413 GC heap after
{Heap after GC invocations=2274 (full 5):
 PSYoungGen      total 5120K, used 192K [0x00000000d5580000, 0x00000000d5d00000, 0x0000000100000000)
  eden space 4608K, 0% used [0x00000000d5580000,0x00000000d5580000,0x00000000d5a00000)
  from space 512K, 37% used [0x00000000d5c80000,0x00000000d5cb0000,0x00000000d5d00000)
  to   space 512K, 0% used [0x00000000d5c00000,0x00000000d5c00000,0x00000000d5c80000)
 ParOldGen       total 1231360K, used 1231248K [0x0000000080000000, 0x00000000cb280000, 0x00000000d5580000)
  object space 1231360K, 99% used [0x0000000080000000,0x00000000cb264228,0x00000000cb280000)
 Metaspace       used 97027K, committed 99072K, reserved 1179648K
  class space    used 10063K, committed 10944K, reserved 1048576K
}
Event: 2471.264 GC heap before
{Heap before GC invocations=2275 (full 5):
 PSYoungGen      total 5120K, used 4795K [0x00000000d5580000, 0x00000000d5d00000, 0x0000000100000000)
  eden space 4608K, 99% used [0x00000000d5580000,0x00000000d59fec30,0x00000000d5a00000)
  from space 512K, 37% used [0x00000000d5c80000,0x00000000d5cb0000,0x00000000d5d00000)
  to   space 512K, 0% used [0x00000000d5c00000,0x00000000d5c00000,0x00000000d5c80000)
 ParOldGen       total 1231360K, used 1231248K [0x0000000080000000, 0x00000000cb280000, 0x00000000d5580000)
  object space 1231360K, 99% used [0x0000000080000000,0x00000000cb264228,0x00000000cb280000)
 Metaspace       used 97186K, committed 99200K, reserved 1179648K
  class space    used 10080K, committed 10944K, reserved 1048576K
}
Event: 2471.270 GC heap after
{Heap after GC invocations=2275 (full 5):
 PSYoungGen      total 5120K, used 498K [0x00000000d5580000, 0x00000000d5d00000, 0x0000000100000000)
  eden space 4608K, 0% used [0x00000000d5580000,0x00000000d5580000,0x00000000d5a00000)
  from space 512K, 97% used [0x00000000d5c00000,0x00000000d5c7cba8,0x00000000d5c80000)
  to   space 512K, 0% used [0x00000000d5c80000,0x00000000d5c80000,0x00000000d5d00000)
 ParOldGen       total 1231872K, used 1231744K [0x0000000080000000, 0x00000000cb300000, 0x00000000d5580000)
  object space 1231872K, 99% used [0x0000000080000000,0x00000000cb2e0228,0x00000000cb300000)
 Metaspace       used 97186K, committed 99200K, reserved 1179648K
  class space    used 10080K, committed 10944K, reserved 1048576K
}
Event: 2471.303 GC heap before
{Heap before GC invocations=2276 (full 5):
 PSYoungGen      total 5120K, used 5106K [0x00000000d5580000, 0x00000000d5d00000, 0x0000000100000000)
  eden space 4608K, 100% used [0x00000000d5580000,0x00000000d5a00000,0x00000000d5a00000)
  from space 512K, 97% used [0x00000000d5c00000,0x00000000d5c7cba8,0x00000000d5c80000)
  to   space 512K, 0% used [0x00000000d5c80000,0x00000000d5c80000,0x00000000d5d00000)
 ParOldGen       total 1231872K, used 1231744K [0x0000000080000000, 0x00000000cb300000, 0x00000000d5580000)
  object space 1231872K, 99% used [0x0000000080000000,0x00000000cb2e0228,0x00000000cb300000)
 Metaspace       used 97192K, committed 99200K, reserved 1179648K
  class space    used 10082K, committed 10944K, reserved 1048576K
}
Event: 2471.311 GC heap after
{Heap after GC invocations=2276 (full 5):
 PSYoungGen      total 5120K, used 512K [0x00000000d5580000, 0x00000000d5e00000, 0x0000000100000000)
  eden space 4608K, 0% used [0x00000000d5580000,0x00000000d5580000,0x00000000d5a00000)
  from space 512K, 100% used [0x00000000d5c80000,0x00000000d5d00000,0x00000000d5d00000)
  to   space 2048K, 0% used [0x00000000d5a00000,0x00000000d5a00000,0x00000000d5c00000)
 ParOldGen       total 1232896K, used 1232809K [0x0000000080000000, 0x00000000cb400000, 0x00000000d5580000)
  object space 1232896K, 99% used [0x0000000080000000,0x00000000cb3ea7a0,0x00000000cb400000)
 Metaspace       used 97192K, committed 99200K, reserved 1179648K
  class space    used 10082K, committed 10944K, reserved 1048576K
}
Event: 2471.421 GC heap before
{Heap before GC invocations=2277 (full 5):
 PSYoungGen      total 5120K, used 5120K [0x00000000d5580000, 0x00000000d5e00000, 0x0000000100000000)
  eden space 4608K, 100% used [0x00000000d5580000,0x00000000d5a00000,0x00000000d5a00000)
  from space 512K, 100% used [0x00000000d5c80000,0x00000000d5d00000,0x00000000d5d00000)
  to   space 2048K, 0% used [0x00000000d5a00000,0x00000000d5a00000,0x00000000d5c00000)
 ParOldGen       total 1232896K, used 1232809K [0x0000000080000000, 0x00000000cb400000, 0x00000000d5580000)
  object space 1232896K, 99% used [0x0000000080000000,0x00000000cb3ea7a0,0x00000000cb400000)
 Metaspace       used 97228K, committed 99200K, reserved 1179648K
  class space    used 10082K, committed 10944K, reserved 1048576K
}
Event: 2471.427 GC heap after
{Heap after GC invocations=2277 (full 5):
 PSYoungGen      total 6656K, used 500K [0x00000000d5580000, 0x00000000d5d00000, 0x0000000100000000)
  eden space 4608K, 0% used [0x00000000d5580000,0x00000000d5580000,0x00000000d5a00000)
  from space 2048K, 24% used [0x00000000d5a00000,0x00000000d5a7d200,0x00000000d5c00000)
  to   space 1024K, 0% used [0x00000000d5c00000,0x00000000d5c00000,0x00000000d5d00000)
 ParOldGen       total 1233408K, used 1233331K [0x0000000080000000, 0x00000000cb480000, 0x00000000d5580000)
  object space 1233408K, 99% used [0x0000000080000000,0x00000000cb46cc38,0x00000000cb480000)
 Metaspace       used 97228K, committed 99200K, reserved 1179648K
  class space    used 10082K, committed 10944K, reserved 1048576K
}
Event: 2471.443 GC heap before
{Heap before GC invocations=2278 (full 5):
 PSYoungGen      total 6656K, used 2628K [0x00000000d5580000, 0x00000000d5d00000, 0x0000000100000000)
  eden space 4608K, 46% used [0x00000000d5580000,0x00000000d57940a8,0x00000000d5a00000)
  from space 2048K, 24% used [0x00000000d5a00000,0x00000000d5a7d200,0x00000000d5c00000)
  to   space 1024K, 0% used [0x00000000d5c00000,0x00000000d5c00000,0x00000000d5d00000)
 ParOldGen       total 1233408K, used 1233331K [0x0000000080000000, 0x00000000cb480000, 0x00000000d5580000)
  object space 1233408K, 99% used [0x0000000080000000,0x00000000cb46cc38,0x00000000cb480000)
 Metaspace       used 97230K, committed 99264K, reserved 1179648K
  class space    used 10082K, committed 10944K, reserved 1048576K
}
Event: 2471.450 GC heap after
{Heap after GC invocations=2278 (full 5):
 PSYoungGen      total 5120K, used 186K [0x00000000d5580000, 0x00000000d5c80000, 0x0000000100000000)
  eden space 4608K, 0% used [0x00000000d5580000,0x00000000d5580000,0x00000000d5a00000)
  from space 512K, 36% used [0x00000000d5c00000,0x00000000d5c2e900,0x00000000d5c80000)
  to   space 512K, 0% used [0x00000000d5b80000,0x00000000d5b80000,0x00000000d5c00000)
 ParOldGen       total 1233920K, used 1233459K [0x0000000080000000, 0x00000000cb500000, 0x00000000d5580000)
  object space 1233920K, 99% used [0x0000000080000000,0x00000000cb48cc38,0x00000000cb500000)
 Metaspace       used 97230K, committed 99264K, reserved 1179648K
  class space    used 10082K, committed 10944K, reserved 1048576K
}
Event: 2471.450 GC heap before
{Heap before GC invocations=2279 (full 6):
 PSYoungGen      total 5120K, used 186K [0x00000000d5580000, 0x00000000d5c80000, 0x0000000100000000)
  eden space 4608K, 0% used [0x00000000d5580000,0x00000000d5580000,0x00000000d5a00000)
  from space 512K, 36% used [0x00000000d5c00000,0x00000000d5c2e900,0x00000000d5c80000)
  to   space 512K, 0% used [0x00000000d5b80000,0x00000000d5b80000,0x00000000d5c00000)
 ParOldGen       total 1233920K, used 1233459K [0x0000000080000000, 0x00000000cb500000, 0x00000000d5580000)
  object space 1233920K, 99% used [0x0000000080000000,0x00000000cb48cc38,0x00000000cb500000)
 Metaspace       used 97230K, committed 99264K, reserved 1179648K
  class space    used 10082K, committed 10944K, reserved 1048576K
}

